===========================================
              SIMULATION INFO              
===========================================

SIMULATION PARAMETERS 
    Simulation Time(s): 10.000
    Simulation Step Time(s): 0.000100
    Seed Number: 182

TRAIN PARAMETERS 
    Sampling Time(s): 0.000100
    Stracking Time(s): 0.010

    Learning Rate: 1000.000
    CNN act_func: tanh
    FCN act_func: tanh

    robust term: 1.00

    From E.K.
        Damping Factor: 10.000000
        Hurwitz Mat: 
   -50     0
     0   -50

STRUCTURE REPORT 
    FCN structure
        input 0: (6, 1)
                V 0: (7, 8)
        input 1: (8, 1)
                V 1: (9, 8)
        input 2: (8, 1)
                V 2: (9, 8)
        input 3: (8, 1)
                V 3: (9, 4)
        input 4: (4, 1)
                V 4: (5, 2)
        output 5: (2, 1)

TRAIN INFO 
    trainable variables numbers
            FCN: 250
        total: 250

===========================================
             SIMULATION START              
===========================================

[INFO] Simulation Step 1.00/10.00s (10.000%)[INFO] Simulation Step 2.00/10.00s (20.000%)[INFO] Simulation Step 3.00/10.00s (30.000%)[INFO] Simulation Step 4.00/10.00s (40.000%)[INFO] Simulation Step 5.00/10.00s (50.000%)[INFO] Simulation Step 6.00/10.00s (60.000%)[INFO] Simulation Step 7.00/10.00s (70.000%)[INFO] Simulation Step 8.00/10.00s (80.000%)[INFO] Simulation Step 9.00/10.00s (90.000%)[INFO] Simulation Step 10.00/10.00s (100.000%)[INFO] Plotting Results

===========================================
             SIMULATION RESULT             
===========================================

RMS Error (x1): 69.492
RMS Error (x2): 137.654

