===========================================
            NEURAL NETWORK INFO            
===========================================

TRAIN PARAMETERS 
    Sampling Time(s): 0.000100
    Stracking Time(s): 0.010

    Learning Rate: 1000.000
    CNN act_func: tanh
    FCN act_func: tanh

    robust term: 0.00

STRUCTURE REPORT 
    FCN structure
        input 0: (6, 1)
                V 0: (7, 7)
        input 1: (7, 1)
                V 1: (8, 7)
        input 2: (7, 1)
                V 2: (8, 7)
        input 3: (7, 1)
                V 3: (8, 2)
        output 4: (2, 1)

TRAIN INFO 
    trainable variables numbers
            FCN: 181
        total: 181

===========================================
             SIMULATION START              
===========================================

[INFO] Simulation Step 0.50/5.00s (10.000%)[INFO] Simulation Step 1.00/5.00s (20.000%)[INFO] Simulation Step 1.50/5.00s (30.000%)[INFO] Simulation Step 2.00/5.00s (40.000%)[INFO] Simulation Step 2.50/5.00s (50.000%)[INFO] Simulation Step 3.00/5.00s (60.000%)[INFO] Simulation Step 3.50/5.00s (70.000%)[INFO] Simulation Step 4.00/5.00s (80.000%)[INFO] Simulation Step 4.50/5.00s (90.000%)[INFO] Simulation Step 5.00/5.00s (100.000%)===========================================
            NEURAL NETWORK INFO            
===========================================

TRAIN PARAMETERS 
    Sampling Time(s): 0.000100
    Stracking Time(s): 0.010

    Learning Rate: 1000.000
    CNN act_func: tanh
    FCN act_func: tanh

    robust term: 0.00

STRUCTURE REPORT 
    CNN structure
        input 0: (10, 6)
                Omega 0: (5, 6, 3)
                Bias 0: (3, 1)
        input 1: (6, 3)
                Omega 1: (2, 3, 2)
                Bias 1: (2, 1)
        output 2: (5, 2)
    FCN structure
        input 0: (10, 1)
                V 0: (11, 7)
        input 1: (7, 1)
                V 1: (8, 7)
        input 2: (7, 1)
                V 2: (8, 7)
        input 3: (7, 1)
                V 3: (8, 2)
        output 4: (2, 1)

TRAIN INFO 
    trainable variables numbers
            CNN: 107
            FCN: 213
        total: 320

===========================================
             SIMULATION START              
===========================================

[INFO] Simulation Step 0.50/5.00s (10.000%)[INFO] Simulation Step 1.00/5.00s (20.000%)[INFO] Simulation Step 1.50/5.00s (30.000%)[INFO] Simulation Step 2.00/5.00s (40.000%)[INFO] Simulation Step 2.50/5.00s (50.000%)[INFO] Simulation Step 3.00/5.00s (60.000%)[INFO] Simulation Step 3.50/5.00s (70.000%)[INFO] Simulation Step 4.00/5.00s (80.000%)[INFO] Simulation Step 4.50/5.00s (90.000%)[INFO] Simulation Step 5.00/5.00s (100.000%)