===========================================
              SIMULATION INFO              
===========================================

SIMULATION PARAMETERS 
    Simulation Time(s): 5.000
    Simulation Step Time(s): 0.000100
    Seed Number: 182

TRAIN PARAMETERS 
    Sampling Time(s): 0.000100
    Stracking Time(s): 0.010

    Learning Rate: 1000.000
    CNN act_func: tanh
    FCN act_func: tanh

    robust term: 1.00

    From E.K.
        Damping Factor: 50.000000
        Hurwitz Mat: 
   -10     0
     0   -10

STRUCTURE REPORT 
    CNN structure
        input 0: (10, 6)
                Omega 0: (5, 6, 2)
                Bias 0: (2, 1)
        input 1: (6, 2)
                Omega 1: (3, 2, 2)
                Bias 1: (2, 1)
        output 2: (4, 2)
    FCN structure
        input 0: (8, 1)
                V 0: (9, 8)
        input 1: (8, 1)
                V 1: (9, 8)
        input 2: (8, 1)
                V 2: (9, 2)
        output 3: (2, 1)

TRAIN INFO 
    trainable variables numbers
            CNN: 76
            FCN: 168
        total: 244

===========================================
             SIMULATION START              
===========================================

[INFO] Simulation Step 1.00/5.00s (20.000%)[INFO] Simulation Step 2.00/5.00s (40.000%)[INFO] Simulation Step 3.00/5.00s (60.000%)[INFO] Simulation Step 4.00/5.00s (80.000%)[INFO] Simulation Step 5.00/5.00s (100.000%)[INFO] Plotting Results

===========================================
             SIMULATION RESULT             
===========================================

RMS Error (x1): 29.326
RMS Error (x2): 88.502

